Added Component: Designator=C1(C 0805_L)
Add component (AddParameter): Name = "BOM名称"; Value = "贴片电容"; VariantName = "[No Variations]"
Add component (AddParameter): Name = "下单链接"; Value = "https://item.taobao.com/item.htm?ft=t&id=613637044352"; VariantName = "[No Variations]"
Add component (AddParameter): Name = "淘宝ID"; Value = "小糖豆的小窝窝"; VariantName = "[No Variations]"
Added Component: Designator=C2(C 0805_L)
Add component (AddParameter): Name = "BOM名称"; Value = "贴片电容"; VariantName = "[No Variations]"
Add component (AddParameter): Name = "下单链接"; Value = "https://item.taobao.com/item.htm?ft=t&id=613637044352"; VariantName = "[No Variations]"
Add component (AddParameter): Name = "淘宝ID"; Value = "小糖豆的小窝窝"; VariantName = "[No Variations]"
Added Component: Designator=C3(C 0805_L)
Add component (AddParameter): Name = "BOM名称"; Value = "贴片电容"; VariantName = "[No Variations]"
Add component (AddParameter): Name = "下单链接"; Value = "https://item.taobao.com/item.htm?ft=t&id=613637044352"; VariantName = "[No Variations]"
Add component (AddParameter): Name = "淘宝ID"; Value = "小糖豆的小窝窝"; VariantName = "[No Variations]"
Added Component: Designator=C4(C 0805_L)
Add component (AddParameter): Name = "BOM名称"; Value = "贴片电容"; VariantName = "[No Variations]"
Add component (AddParameter): Name = "下单链接"; Value = "https://item.taobao.com/item.htm?ft=t&id=613637044352"; VariantName = "[No Variations]"
Add component (AddParameter): Name = "淘宝ID"; Value = "小糖豆的小窝窝"; VariantName = "[No Variations]"
Added Component: Designator=D1(SMA)
Add component (AddParameter): Name = "BOM名称"; Value = "肖特基二极管"; VariantName = "[No Variations]"
Add component (AddParameter): Name = "下单链接"; Value = "https://item.taobao.com/item.htm?ft=t&id=613637044352"; VariantName = "[No Variations]"
Add component (AddParameter): Name = "淘宝ID"; Value = "小糖豆的小窝窝"; VariantName = "[No Variations]"
Added Component: Designator=E1(CS 2.0*5*8 - C)
Add component (AddParameter): Name = "BOM名称"; Value = "直插固态电容"; VariantName = "[No Variations]"
Add component (AddParameter): Name = "下单链接"; Value = "https://item.taobao.com/item.htm?ft=t&id=613637044352"; VariantName = "[No Variations]"
Add component (AddParameter): Name = "淘宝ID"; Value = "小糖豆的小窝窝"; VariantName = "[No Variations]"
Added Component: Designator=E2(CS 2.0*5*8 - C)
Add component (AddParameter): Name = "BOM名称"; Value = "直插固态电容"; VariantName = "[No Variations]"
Add component (AddParameter): Name = "下单链接"; Value = "https://item.taobao.com/item.htm?ft=t&id=613637044352"; VariantName = "[No Variations]"
Add component (AddParameter): Name = "淘宝ID"; Value = "小糖豆的小窝窝"; VariantName = "[No Variations]"
Added Component: Designator=L1(CD31)
Add component (AddParameter): Name = "BOM名称"; Value = "CD系列贴片线绕功率电感"; VariantName = "[No Variations]"
Add component (AddParameter): Name = "下单链接"; Value = "https://item.taobao.com/item.htm?ft=t&id=613637044352"; VariantName = "[No Variations]"
Add component (AddParameter): Name = "淘宝ID"; Value = "小糖豆的小窝窝"; VariantName = "[No Variations]"
Added Component: Designator=P1(HDR1X2)
Add component (AddParameter): Name = "LatestRevisionDate"; Value = "17-Jul-2002"; VariantName = "[No Variations]"
Add component (AddParameter): Name = "LatestRevisionNote"; Value = "Re-released for DXP Platform."; VariantName = "[No Variations]"
Add component (AddParameter): Name = "Publisher"; Value = "Altium Limited"; VariantName = "[No Variations]"
Added Component: Designator=P2(HDR1X2)
Add component (AddParameter): Name = "LatestRevisionDate"; Value = "17-Jul-2002"; VariantName = "[No Variations]"
Add component (AddParameter): Name = "LatestRevisionNote"; Value = "Re-released for DXP Platform."; VariantName = "[No Variations]"
Add component (AddParameter): Name = "Publisher"; Value = "Altium Limited"; VariantName = "[No Variations]"
Added Component: Designator=R1(R 0805_L)
Add component (AddParameter): Name = "BOM名称"; Value = "贴片电阻"; VariantName = "[No Variations]"
Add component (AddParameter): Name = "下单链接"; Value = "https://item.taobao.com/item.htm?ft=t&id=613637044352"; VariantName = "[No Variations]"
Add component (AddParameter): Name = "淘宝ID"; Value = "小糖豆的小窝窝"; VariantName = "[No Variations]"
Added Component: Designator=R2(R 0805_L)
Add component (AddParameter): Name = "BOM名称"; Value = "贴片电阻"; VariantName = "[No Variations]"
Add component (AddParameter): Name = "下单链接"; Value = "https://item.taobao.com/item.htm?ft=t&id=613637044352"; VariantName = "[No Variations]"
Add component (AddParameter): Name = "淘宝ID"; Value = "小糖豆的小窝窝"; VariantName = "[No Variations]"
Added Component: Designator=U1(SOP-8_L4.9-W3.9-P1.27-LS6.0-TL-EP-1)
Added Pin To Net: NetName=GND Pin=C2-1
Added Pin To Net: NetName=GND Pin=C3-1
Added Pin To Net: NetName=GND Pin=C4-1
Added Pin To Net: NetName=GND Pin=D1-1
Added Pin To Net: NetName=GND Pin=E1-2
Added Pin To Net: NetName=GND Pin=E2-2
Added Pin To Net: NetName=GND Pin=P1-2
Added Pin To Net: NetName=GND Pin=P2-2
Added Pin To Net: NetName=GND Pin=R2-1
Added Pin To Net: NetName=GND Pin=U1-6
Added Pin To Net: NetName=GND Pin=U1-9
Added Net: Name=GND
Added Pin To Net: NetName=NetC1_1 Pin=C1-1
Added Pin To Net: NetName=NetC1_1 Pin=D1-2
Added Pin To Net: NetName=NetC1_1 Pin=L1-1
Added Pin To Net: NetName=NetC1_1 Pin=U1-8
Added Net: Name=NetC1_1
Added Pin To Net: NetName=NetC1_2 Pin=C1-2
Added Pin To Net: NetName=NetC1_2 Pin=U1-1
Added Net: Name=NetC1_2
Added Pin To Net: NetName=NetC2_2 Pin=C2-2
Added Pin To Net: NetName=NetC2_2 Pin=E1-1
Added Pin To Net: NetName=NetC2_2 Pin=L1-2
Added Pin To Net: NetName=NetC2_2 Pin=P1-1
Added Pin To Net: NetName=NetC2_2 Pin=R1-2
Added Net: Name=NetC2_2
Added Pin To Net: NetName=NetC3_2 Pin=C3-2
Added Pin To Net: NetName=NetC3_2 Pin=C4-2
Added Pin To Net: NetName=NetC3_2 Pin=E2-1
Added Pin To Net: NetName=NetC3_2 Pin=P2-1
Added Pin To Net: NetName=NetC3_2 Pin=U1-5
Added Pin To Net: NetName=NetC3_2 Pin=U1-7
Added Net: Name=NetC3_2
Added Pin To Net: NetName=NetR1_1 Pin=R1-1
Added Pin To Net: NetName=NetR1_1 Pin=R2-2
Added Pin To Net: NetName=NetR1_1 Pin=U1-4
Added Net: Name=NetR1_1
Added Class: Name=Sheet1
Added Room: Name=Sheet1
